<?xml version="1.0" encoding="UTF-8"?>
<!-- Generated by org.testng.reporters.JUnitReportReporter -->
<testsuite hostname="NODE516" name="com.gspann.pageobjects.RodanfieldTest" tests="1" failures="0" timestamp="7 Sep 2016 10:20:41 GMT" time="53.151" errors="0">
  <testcase name="test" time="53.151" classname="com.gspann.pageobjects.RodanfieldTest"/>
</testsuite> <!-- com.gspann.pageobjects.RodanfieldTest -->
