<?xml version="1.0" encoding="UTF-8"?>
<!-- Generated by org.testng.reporters.JUnitReportReporter -->
<testsuite hostname="NODE516" name="com.gspann.test.RodanFieldConsultantTest" tests="1" failures="0" timestamp="9 Sep 2016 07:49:45 GMT" time="83.011" errors="0">
  <testcase name="RodanSecondTestCase" time="83.011" classname="com.gspann.test.RodanFieldConsultantTest"/>
</testsuite> <!-- com.gspann.test.RodanFieldConsultantTest -->
